\BOOKMARK [0][-]{chapter*.4}{Kurzfassung}{}% 1
\BOOKMARK [0][-]{chapter*.5}{Abstract}{}% 2
\BOOKMARK [0][-]{section*.6}{Contents}{}% 3
\BOOKMARK [0][-]{chapter.1}{Introduction}{}% 4
\BOOKMARK [0][-]{chapter.2}{Fundamentals}{}% 5
\BOOKMARK [0][-]{chapter.3}{Related Work}{}% 6
\BOOKMARK [0][-]{chapter.4}{Methodology}{}% 7
\BOOKMARK [1][-]{section.4.1}{Training Data}{chapter.4}% 8
\BOOKMARK [1][-]{section.4.2}{Experiment}{chapter.4}% 9
\BOOKMARK [1][-]{section.4.3}{Frameworks}{chapter.4}% 10
\BOOKMARK [0][-]{chapter.5}{Results}{}% 11
\BOOKMARK [0][-]{chapter.6}{Outline of planned calculations}{}% 12
\BOOKMARK [0][-]{chapter.7}{Introduction to LaTeX}{}% 13
\BOOKMARK [1][-]{section.7.1}{Installation}{chapter.7}% 14
\BOOKMARK [1][-]{section.7.2}{Editors}{chapter.7}% 15
\BOOKMARK [1][-]{section.7.3}{Compilation}{chapter.7}% 16
\BOOKMARK [1][-]{section.7.4}{Basic Functionality}{chapter.7}% 17
\BOOKMARK [1][-]{section.7.5}{Bibliography}{chapter.7}% 18
\BOOKMARK [1][-]{section.7.6}{Table of Contents}{chapter.7}% 19
\BOOKMARK [1][-]{section.7.7}{Acronyms / Glossary / Index}{chapter.7}% 20
\BOOKMARK [1][-]{section.7.8}{Tips}{chapter.7}% 21
\BOOKMARK [1][-]{section.7.9}{Resources}{chapter.7}% 22
\BOOKMARK [0][-]{section*.17}{List of Figures}{}% 23
\BOOKMARK [0][-]{section*.18}{List of Tables}{}% 24
\BOOKMARK [0][-]{chapter*.19}{List of Algorithms}{}% 25
